<?xml version="1.0" encoding="UTF-8"?>
<testsuite name="io.flutter.plugins.webviewflutter.WebViewClientTest" tests="6" skipped="0" failures="0" errors="0" timestamp="2023-08-01T18:37:12" hostname="Thomas-MBP.local" time="0.039">
  <properties/>
  <testcase name="doUpdateVisitedHistory" classname="io.flutter.plugins.webviewflutter.WebViewClientTest" time="0.033"/>
  <testcase name="onReceivedError" classname="io.flutter.plugins.webviewflutter.WebViewClientTest" time="0.001"/>
  <testcase name="urlLoading" classname="io.flutter.plugins.webviewflutter.WebViewClientTest" time="0.001"/>
  <testcase name="setReturnValueForShouldOverrideUrlLoading" classname="io.flutter.plugins.webviewflutter.WebViewClientTest" time="0.001"/>
  <testcase name="convertWebResourceRequestWithNullHeaders" classname="io.flutter.plugins.webviewflutter.WebViewClientTest" time="0.001"/>
  <testcase name="onPageStarted" classname="io.flutter.plugins.webviewflutter.WebViewClientTest" time="0.002"/>
  <system-out><![CDATA[]]></system-out>
  <system-err><![CDATA[]]></system-err>
</testsuite>
