<?xml version="1.0" encoding="UTF-8"?>
<testsuite name="io.flutter.plugins.webviewflutter.InstanceManagerTest" tests="9" skipped="0" failures="0" errors="0" timestamp="2023-08-01T18:37:12" hostname="Thomas-MBP.local" time="0.017">
  <properties/>
  <testcase name="addDartCreatedInstance" classname="io.flutter.plugins.webviewflutter.InstanceManagerTest" time="0.0"/>
  <testcase name="identifiersMustBeUnique" classname="io.flutter.plugins.webviewflutter.InstanceManagerTest" time="0.001"/>
  <testcase name="remove" classname="io.flutter.plugins.webviewflutter.InstanceManagerTest" time="0.013"/>
  <testcase name="addHostCreatedInstance" classname="io.flutter.plugins.webviewflutter.InstanceManagerTest" time="0.0"/>
  <testcase name="clear" classname="io.flutter.plugins.webviewflutter.InstanceManagerTest" time="0.0"/>
  <testcase name="managerIsUsableWhileListenerHasStopped" classname="io.flutter.plugins.webviewflutter.InstanceManagerTest" time="0.001"/>
  <testcase name="canAddSameObjectWithAddDartCreatedInstance" classname="io.flutter.plugins.webviewflutter.InstanceManagerTest" time="0.0"/>
  <testcase name="cannotUseIdentifierLessThanZero" classname="io.flutter.plugins.webviewflutter.InstanceManagerTest" time="0.0"/>
  <testcase name="cannotAddSameObjectsWithAddHostCreatedInstance" classname="io.flutter.plugins.webviewflutter.InstanceManagerTest" time="0.001"/>
  <system-out><![CDATA[]]></system-out>
  <system-err><![CDATA[]]></system-err>
</testsuite>
