<?xml version="1.0" encoding="UTF-8"?>
<testsuite name="io.flutter.plugins.webviewflutter.CookieManagerTest" tests="4" skipped="0" failures="0" errors="0" timestamp="2023-08-01T18:37:11" hostname="Thomas-MBP.local" time="0.94">
  <properties/>
  <testcase name="setAcceptThirdPartyCookies" classname="io.flutter.plugins.webviewflutter.CookieManagerTest" time="0.933"/>
  <testcase name="getInstance" classname="io.flutter.plugins.webviewflutter.CookieManagerTest" time="0.005"/>
  <testcase name="setCookie" classname="io.flutter.plugins.webviewflutter.CookieManagerTest" time="0.001"/>
  <testcase name="clearCookies" classname="io.flutter.plugins.webviewflutter.CookieManagerTest" time="0.001"/>
  <system-out><![CDATA[]]></system-out>
  <system-err><![CDATA[]]></system-err>
</testsuite>
