<?xml version="1.0" encoding="UTF-8"?>
<testsuite name="io.flutter.plugins.webviewflutter.WebViewFlutterAndroidExternalApiTest" tests="1" skipped="0" failures="0" errors="0" timestamp="2023-08-01T18:37:12" hostname="Thomas-MBP.local" time="0.1">
  <properties/>
  <testcase name="getWebView" classname="io.flutter.plugins.webviewflutter.WebViewFlutterAndroidExternalApiTest" time="0.1"/>
  <system-out><![CDATA[]]></system-out>
  <system-err><![CDATA[]]></system-err>
</testsuite>
