<?xml version="1.0" encoding="UTF-8"?>
<testsuite name="io.flutter.plugins.webviewflutter.PermissionRequestTest" tests="4" skipped="0" failures="0" errors="0" timestamp="2023-08-01T18:37:12" hostname="Thomas-MBP.local" time="0.023">
  <properties/>
  <testcase name="deny" classname="io.flutter.plugins.webviewflutter.PermissionRequestTest" time="0.02"/>
  <testcase name="enums" classname="io.flutter.plugins.webviewflutter.PermissionRequestTest" time="0.001"/>
  <testcase name="grant" classname="io.flutter.plugins.webviewflutter.PermissionRequestTest" time="0.001"/>
  <testcase name="flutterApiCreate" classname="io.flutter.plugins.webviewflutter.PermissionRequestTest" time="0.001"/>
  <system-out><![CDATA[]]></system-out>
  <system-err><![CDATA[]]></system-err>
</testsuite>
