<?xml version="1.0" encoding="UTF-8"?>
<testsuite name="io.flutter.plugins.webviewflutter.PluginBindingFlutterAssetManagerTest" tests="2" skipped="0" failures="0" errors="0" timestamp="2023-08-01T18:37:16" hostname="Thomas-MBP.local" time="0.02">
  <properties/>
  <testcase name="registrar_getAssetFilePathByName" classname="io.flutter.plugins.webviewflutter.PluginBindingFlutterAssetManagerTest" time="0.019"/>
  <testcase name="list" classname="io.flutter.plugins.webviewflutter.PluginBindingFlutterAssetManagerTest" time="0.001"/>
  <system-out><![CDATA[]]></system-out>
  <system-err><![CDATA[]]></system-err>
</testsuite>
