<?xml version="1.0" encoding="UTF-8"?>
<testsuite name="io.flutter.plugins.webviewflutter.JavaObjectHostApiTest" tests="1" skipped="0" failures="0" errors="0" timestamp="2023-08-01T18:37:16" hostname="Thomas-MBP.local" time="0.01">
  <properties/>
  <testcase name="dispose" classname="io.flutter.plugins.webviewflutter.JavaObjectHostApiTest" time="0.01"/>
  <system-out><![CDATA[]]></system-out>
  <system-err><![CDATA[]]></system-err>
</testsuite>
