<?xml version="1.0" encoding="UTF-8"?>
<testsuite name="io.flutter.plugins.webviewflutter.RegistrarFlutterAssetManagerTest" tests="2" skipped="0" failures="0" errors="0" timestamp="2023-08-01T18:37:16" hostname="Thomas-MBP.local" time="0.014">
  <properties/>
  <testcase name="registrar_getAssetFilePathByName" classname="io.flutter.plugins.webviewflutter.RegistrarFlutterAssetManagerTest" time="0.014"/>
  <testcase name="list" classname="io.flutter.plugins.webviewflutter.RegistrarFlutterAssetManagerTest" time="0.0"/>
  <system-out><![CDATA[]]></system-out>
  <system-err><![CDATA[]]></system-err>
</testsuite>
