<?xml version="1.0" encoding="UTF-8"?>
<testsuite name="io.flutter.plugins.webviewflutter.WebChromeClientTest" tests="5" skipped="0" failures="0" errors="0" timestamp="2023-08-01T18:37:16" hostname="Thomas-MBP.local" time="0.08">
  <properties/>
  <testcase name="onProgressChanged" classname="io.flutter.plugins.webviewflutter.WebChromeClientTest" time="0.024"/>
  <testcase name="onCreateWindow" classname="io.flutter.plugins.webviewflutter.WebChromeClientTest" time="0.052"/>
  <testcase name="onPermissionRequest" classname="io.flutter.plugins.webviewflutter.WebChromeClientTest" time="0.001"/>
  <testcase name="onGeolocationPermissionsHidePrompt" classname="io.flutter.plugins.webviewflutter.WebChromeClientTest" time="0.001"/>
  <testcase name="onGeolocationPermissionsShowPrompt" classname="io.flutter.plugins.webviewflutter.WebChromeClientTest" time="0.001"/>
  <system-out><![CDATA[]]></system-out>
  <system-err><![CDATA[]]></system-err>
</testsuite>
