<?xml version="1.0" encoding="UTF-8"?>
<testsuite name="io.flutter.plugins.webviewflutter.GeolocationPermissionsCallbackTest" tests="2" skipped="0" failures="0" errors="0" timestamp="2023-08-01T18:37:16" hostname="Thomas-MBP.local" time="0.02">
  <properties/>
  <testcase name="invoke" classname="io.flutter.plugins.webviewflutter.GeolocationPermissionsCallbackTest" time="0.018"/>
  <testcase name="flutterApiCreate" classname="io.flutter.plugins.webviewflutter.GeolocationPermissionsCallbackTest" time="0.002"/>
  <system-out><![CDATA[]]></system-out>
  <system-err><![CDATA[]]></system-err>
</testsuite>
