<?xml version="1.0" encoding="UTF-8"?>
<testsuite name="io.flutter.plugins.webviewflutter.WebStorageHostApiImplTest" tests="1" skipped="0" failures="0" errors="0" timestamp="2023-08-01T18:37:15" hostname="Thomas-MBP.local" time="0.017">
  <properties/>
  <testcase name="deleteAllData" classname="io.flutter.plugins.webviewflutter.WebStorageHostApiImplTest" time="0.017"/>
  <system-out><![CDATA[]]></system-out>
  <system-err><![CDATA[]]></system-err>
</testsuite>
