<?xml version="1.0" encoding="UTF-8"?>
<testsuite name="io.flutter.plugins.webviewflutter.FlutterAssetManagerHostApiImplTest" tests="4" skipped="0" failures="0" errors="0" timestamp="2023-08-01T18:37:14" hostname="Thomas-MBP.local" time="0.018">
  <properties/>
  <testcase name="getAssetFilePathByName" classname="io.flutter.plugins.webviewflutter.FlutterAssetManagerHostApiImplTest" time="0.013"/>
  <testcase name="list_should_convert_io_exception_to_runtime_exception" classname="io.flutter.plugins.webviewflutter.FlutterAssetManagerHostApiImplTest" time="0.002"/>
  <testcase name="list" classname="io.flutter.plugins.webviewflutter.FlutterAssetManagerHostApiImplTest" time="0.001"/>
  <testcase name="list_returns_empty_list_when_no_results" classname="io.flutter.plugins.webviewflutter.FlutterAssetManagerHostApiImplTest" time="0.001"/>
  <system-out><![CDATA[]]></system-out>
  <system-err><![CDATA[]]></system-err>
</testsuite>
