<?xml version="1.0" encoding="UTF-8"?>
<testsuite name="io.flutter.plugins.webviewflutter.JavaScriptChannelTest" tests="1" skipped="0" failures="0" errors="0" timestamp="2023-08-01T18:37:14" hostname="Thomas-MBP.local" time="0.012">
  <properties/>
  <testcase name="postMessage" classname="io.flutter.plugins.webviewflutter.JavaScriptChannelTest" time="0.012"/>
  <system-out><![CDATA[]]></system-out>
  <system-err><![CDATA[]]></system-err>
</testsuite>
