<?xml version="1.0" encoding="UTF-8"?>
<testsuite name="io.flutter.plugins.webviewflutter.WebViewTest" tests="31" skipped="0" failures="0" errors="0" timestamp="2023-08-01T18:37:15" hostname="Thomas-MBP.local" time="0.133">
  <properties/>
  <testcase name="loadDataWithBaseUrlAndNullValues" classname="io.flutter.plugins.webviewflutter.WebViewTest" time="0.033"/>
  <testcase name="loadDataWithBaseUrl" classname="io.flutter.plugins.webviewflutter.WebViewTest" time="0.001"/>
  <testcase name="getScrollX" classname="io.flutter.plugins.webviewflutter.WebViewTest" time="0.001"/>
  <testcase name="getScrollY" classname="io.flutter.plugins.webviewflutter.WebViewTest" time="0.001"/>
  <testcase name="getUrl" classname="io.flutter.plugins.webviewflutter.WebViewTest" time="0.0"/>
  <testcase name="goBack" classname="io.flutter.plugins.webviewflutter.WebViewTest" time="0.001"/>
  <testcase name="canGoForward" classname="io.flutter.plugins.webviewflutter.WebViewTest" time="0.001"/>
  <testcase name="disposeDoesNotCallDestroy" classname="io.flutter.plugins.webviewflutter.WebViewTest" time="0.0"/>
  <testcase name="reload" classname="io.flutter.plugins.webviewflutter.WebViewTest" time="0.001"/>
  <testcase name="defaultWebChromeClientDoesNotAttemptToCommunicateWithDart" classname="io.flutter.plugins.webviewflutter.WebViewTest" time="0.001"/>
  <testcase name="clearCache" classname="io.flutter.plugins.webviewflutter.WebViewTest" time="0.0"/>
  <testcase name="loadDataWithNullValues" classname="io.flutter.plugins.webviewflutter.WebViewTest" time="0.001"/>
  <testcase name="scrollBy" classname="io.flutter.plugins.webviewflutter.WebViewTest" time="0.0"/>
  <testcase name="scrollTo" classname="io.flutter.plugins.webviewflutter.WebViewTest" time="0.001"/>
  <testcase name="postUrl" classname="io.flutter.plugins.webviewflutter.WebViewTest" time="0.0"/>
  <testcase name="goForward" classname="io.flutter.plugins.webviewflutter.WebViewTest" time="0.001"/>
  <testcase name="canGoBack" classname="io.flutter.plugins.webviewflutter.WebViewTest" time="0.001"/>
  <testcase name="defaultWebChromeClientIsSecureWebChromeClient" classname="io.flutter.plugins.webviewflutter.WebViewTest" time="0.0"/>
  <testcase name="addJavaScriptChannel" classname="io.flutter.plugins.webviewflutter.WebViewTest" time="0.001"/>
  <testcase name="loadUrl" classname="io.flutter.plugins.webviewflutter.WebViewTest" time="0.0"/>
  <testcase name="setWebViewClient" classname="io.flutter.plugins.webviewflutter.WebViewTest" time="0.001"/>
  <testcase name="destroyWebViewWhenDisposedFromJavaObjectHostApi" classname="io.flutter.plugins.webviewflutter.WebViewTest" time="0.001"/>
  <testcase name="evaluateJavaScript" classname="io.flutter.plugins.webviewflutter.WebViewTest" time="0.001"/>
  <testcase name="removeJavaScriptChannel" classname="io.flutter.plugins.webviewflutter.WebViewTest" time="0.0"/>
  <testcase name="flutterApiCreate" classname="io.flutter.plugins.webviewflutter.WebViewTest" time="0.012"/>
  <testcase name="setImportantForAutofillForParentFlutterView" classname="io.flutter.plugins.webviewflutter.WebViewTest" time="0.043"/>
  <testcase name="getScrollPosition" classname="io.flutter.plugins.webviewflutter.WebViewTest" time="0.001"/>
  <testcase name="loadData" classname="io.flutter.plugins.webviewflutter.WebViewTest" time="0.0"/>
  <testcase name="setWebChromeClient" classname="io.flutter.plugins.webviewflutter.WebViewTest" time="0.018"/>
  <testcase name="getTitle" classname="io.flutter.plugins.webviewflutter.WebViewTest" time="0.001"/>
  <testcase name="setDownloadListener" classname="io.flutter.plugins.webviewflutter.WebViewTest" time="0.01"/>
  <system-out><![CDATA[]]></system-out>
  <system-err><![CDATA[]]></system-err>
</testsuite>
