<?xml version="1.0" encoding="UTF-8"?>
<testsuite name="io.flutter.plugins.webviewflutter.FileChooserParamsTest" tests="1" skipped="0" failures="0" errors="0" timestamp="2023-08-01T18:37:14" hostname="Thomas-MBP.local" time="0.035">
  <properties/>
  <testcase name="flutterApiCreate" classname="io.flutter.plugins.webviewflutter.FileChooserParamsTest" time="0.035"/>
  <system-out><![CDATA[]]></system-out>
  <system-err><![CDATA[]]></system-err>
</testsuite>
